Arguments: 
  C:\Program Files\nodejs\node.exe C:\Users\자비스\AppData\Roaming\npm\node_modules\yarn\bin\yarn.js start

PATH: 
  C:\Windows\system32;C:\Windows;C:\Windows\System32\Wbem;C:\Windows\System32\WindowsPowerShell\v1.0\;C:\Windows\System32\OpenSSH\;C:\Program Files\Bandizip\;C:\Program Files\Git\cmd;C:\Program Files\nodejs\;C:\Program Files\MySQL\MySQL Server 8.0\bin;C:\Users\자비스\AppData\Local\Microsoft\WindowsApps;;C:\Users\자비스\AppData\Local\Programs\Microsoft VS Code\bin;C:\Users\자비스\AppData\Roaming\npm

Yarn version: 
  1.22.19

Node version: 
  16.16.0

Platform: 
  win32 x64

Trace: 
  SyntaxError: C:\Users\자비스\Desktop\Studying\react-Source\learn-express\package.json: Unexpected token / in JSON at position 210
      at JSON.parse (<anonymous>)
      at C:\Users\자비스\AppData\Roaming\npm\node_modules\yarn\lib\cli.js:1629:59
      at Generator.next (<anonymous>)
      at step (C:\Users\자비스\AppData\Roaming\npm\node_modules\yarn\lib\cli.js:310:30)
      at C:\Users\자비스\AppData\Roaming\npm\node_modules\yarn\lib\cli.js:321:13

npm manifest: 
  {
    "name": "learn-express",
    "version": "1.0.0",
    "description": "express server",
    "main": "index.js",
    "scripts": {
      "test": "echo \"Error: no test specified\" && exit 1",
      "start": "nodemon app"  // app은 변경 가능 app.js로 만들었기 때문
    },
    "author": "hwang",
    "license": "ISC",
    "dependencies": {
      "express": "^4.18.1"
    },
    "devDependencies": {
      "nodemon": "^2.0.19"
    }
  }

yarn manifest: 
  No manifest

Lockfile: 
  No lockfile
